Case #1: 1 0
Case #2: 1 0
Case #3: 1 1
Case #4: 0 0
Case #5: 500 499
Case #6: 28 0
Case #7: 248 0
Case #8: 173 0
Case #9: 123 0
Case #10: 107 0
Case #11: 229 0
Case #12: 37 0
Case #13: 119 0
Case #14: 194 0
Case #15: 188 60
Case #16: 248 0
Case #17: 250 249
Case #18: 160 0
Case #19: 188 60
Case #20: 113 0
Case #21: 123 0
Case #22: 248 0
Case #23: 0 0
Case #24: 248 0
Case #25: 153 48
Case #26: 135 0
Case #27: 170 0
Case #28: 38 0
Case #29: 0 0
Case #30: 248 0
Case #31: 57 0
Case #32: 34 0
Case #33: 123 0
Case #34: 138 0
Case #35: 75 0
Case #36: 89 0
Case #37: 115 0
Case #38: 248 0
Case #39: 123 0
Case #40: 46 0
Case #41: 154 0
Case #42: 248 0
Case #43: 119 37
Case #44: 199 0
Case #45: 123 0
Case #46: 83 0
Case #47: 499 499
Case #48: 123 0
Case #49: 248 0
Case #50: 0 0
Case #51: 188 60
Case #52: 123 0
Case #53: 188 60
Case #54: 248 0
Case #55: 123 0
Case #56: 249 249
Case #57: 188 60
Case #58: 99 0
Case #59: 34 0
Case #60: 248 0
Case #61: 37 0
Case #62: 188 60
Case #63: 188 60
Case #64: 188 60
Case #65: 123 0
Case #66: 50 0
Case #67: 0 0
Case #68: 125 124
Case #69: 188 60
Case #70: 248 0
Case #71: 123 0
Case #72: 188 60
Case #73: 248 0
Case #74: 235 0
Case #75: 151 0
Case #76: 2 1
Case #77: 0 0
Case #78: 16 0
Case #79: 193 0
Case #80: 188 60
Case #81: 123 0
Case #82: 1 1
Case #83: 88 0
Case #84: 56 0
Case #85: 232 0
Case #86: 188 60
Case #87: 188 60
Case #88: 32 0
Case #89: 123 0
Case #90: 98 30
Case #91: 31 0
Case #92: 188 60
Case #93: 123 0
Case #94: 248 0
Case #95: 1 0
Case #96: 202 0
Case #97: 250 249
Case #98: 123 0
Case #99: 248 0
Case #100: 2 2
